[24-Oct-2020 21:13:46 Asia/Tokyo] PHP Fatal error:  Uncaught Error: Undefined class constant 'MYSQL_ATTR_USE_BUFFERED_QUERY' in /var/www/html/function.php:203
Stack trace:
#0 /var/www/html/function.php(468): dbConnect()
#1 /var/www/html/index.php(42): getMemoList(0, 10, NULL)
#2 {main}
  thrown in /var/www/html/function.php on line 203
[24-Oct-2020 21:13:51 Asia/Tokyo] PHP Fatal error:  Uncaught Error: Undefined class constant 'MYSQL_ATTR_USE_BUFFERED_QUERY' in /var/www/html/function.php:203
Stack trace:
#0 /var/www/html/login.php(46): dbConnect()
#1 {main}
  thrown in /var/www/html/function.php on line 203
[24-Oct-2020 21:14:01 Asia/Tokyo] PHP Fatal error:  Uncaught Error: Undefined class constant 'MYSQL_ATTR_USE_BUFFERED_QUERY' in /var/www/html/function.php:203
Stack trace:
#0 /var/www/html/guest.php(27): dbConnect()
#1 {main}
  thrown in /var/www/html/function.php on line 203
[24-Oct-2020 21:14:03 Asia/Tokyo] PHP Fatal error:  Uncaught Error: Undefined class constant 'MYSQL_ATTR_USE_BUFFERED_QUERY' in /var/www/html/function.php:203
Stack trace:
#0 /var/www/html/guest.php(27): dbConnect()
#1 {main}
  thrown in /var/www/html/function.php on line 203
[24-Oct-2020 21:14:04 Asia/Tokyo] PHP Fatal error:  Uncaught Error: Undefined class constant 'MYSQL_ATTR_USE_BUFFERED_QUERY' in /var/www/html/function.php:203
Stack trace:
#0 /var/www/html/guest.php(27): dbConnect()
#1 {main}
  thrown in /var/www/html/function.php on line 203
[24-Oct-2020 21:15:47 Asia/Tokyo] PHP Fatal error:  Uncaught Error: Undefined class constant 'MYSQL_ATTR_USE_BUFFERED_QUERY' in /var/www/html/function.php:203
Stack trace:
#0 /var/www/html/guest.php(27): dbConnect()
#1 {main}
  thrown in /var/www/html/function.php on line 203
[24-Oct-2020 21:15:48 Asia/Tokyo] PHP Fatal error:  Uncaught Error: Undefined class constant 'MYSQL_ATTR_USE_BUFFERED_QUERY' in /var/www/html/function.php:203
Stack trace:
#0 /var/www/html/guest.php(27): dbConnect()
#1 {main}
  thrown in /var/www/html/function.php on line 203
[24-Oct-2020 21:15:52 Asia/Tokyo] PHP Fatal error:  Uncaught Error: Undefined class constant 'MYSQL_ATTR_USE_BUFFERED_QUERY' in /var/www/html/function.php:203
Stack trace:
#0 /var/www/html/login.php(46): dbConnect()
#1 {main}
  thrown in /var/www/html/function.php on line 203
[24-Oct-2020 21:16:08 Asia/Tokyo] PHP Fatal error:  Uncaught Error: Undefined class constant 'MYSQL_ATTR_USE_BUFFERED_QUERY' in /var/www/html/function.php:203
Stack trace:
#0 /var/www/html/function.php(104): dbConnect()
#1 /var/www/html/signup.php(31): validEmailDup('a@email.com')
#2 {main}
  thrown in /var/www/html/function.php on line 203
[24-Oct-2020 21:19:10 Asia/Tokyo] PHP Fatal error:  Uncaught Error: Undefined class constant 'MYSQL_ATTR_USE_BUFFERED_QUERY' in /var/www/html/function.php:218
Stack trace:
#0 /var/www/html/function.php(109): dbConnect()
#1 /var/www/html/signup.php(31): validEmailDup('a@email.com')
#2 {main}
  thrown in /var/www/html/function.php on line 218
[24-Oct-2020 21:19:22 Asia/Tokyo] PHP Fatal error:  Uncaught Error: Undefined class constant 'MYSQL_ATTR_USE_BUFFERED_QUERY' in /var/www/html/function.php:218
Stack trace:
#0 /var/www/html/guest.php(27): dbConnect()
#1 {main}
  thrown in /var/www/html/function.php on line 218
[24-Oct-2020 21:19:23 Asia/Tokyo] PHP Fatal error:  Uncaught Error: Undefined class constant 'MYSQL_ATTR_USE_BUFFERED_QUERY' in /var/www/html/function.php:218
Stack trace:
#0 /var/www/html/login.php(46): dbConnect()
#1 {main}
  thrown in /var/www/html/function.php on line 218
[24-Oct-2020 21:19:58 Asia/Tokyo] エラー発生:
[24-Oct-2020 21:20:14 Asia/Tokyo] エラー発生:could not find driver
[24-Oct-2020 21:20:25 Asia/Tokyo] エラー発生:could not find driver
[24-Oct-2020 21:20:28 Asia/Tokyo] エラー発生:could not find driver
[24-Oct-2020 21:28:31 Asia/Tokyo] エラー発生:could not find driver
[24-Oct-2020 21:28:45 Asia/Tokyo] エラー発生:could not find driver
[24-Oct-2020 21:29:07 Asia/Tokyo] エラー発生:SQLSTATE[HY000] [2002] Cannot assign requested address
[24-Oct-2020 21:29:09 Asia/Tokyo] エラー発生:SQLSTATE[HY000] [2002] Cannot assign requested address
[24-Oct-2020 21:29:16 Asia/Tokyo] エラー発生:SQLSTATE[HY000] [2002] Cannot assign requested address
[24-Oct-2020 21:29:18 Asia/Tokyo] エラー発生:SQLSTATE[HY000] [2002] Cannot assign requested address
[24-Oct-2020 21:29:29 Asia/Tokyo] エラー発生:SQLSTATE[HY000] [2002] Cannot assign requested address
[24-Oct-2020 21:31:30 Asia/Tokyo] エラー発生:SQLSTATE[HY000] [2002] Cannot assign requested address
[24-Oct-2020 21:31:36 Asia/Tokyo] エラー発生:SQLSTATE[HY000] [2002] Cannot assign requested address
[24-Oct-2020 21:31:40 Asia/Tokyo] エラー発生:SQLSTATE[HY000] [2002] Cannot assign requested address
[24-Oct-2020 21:31:47 Asia/Tokyo] エラー発生:SQLSTATE[HY000] [2002] Cannot assign requested address
[24-Oct-2020 21:31:51 Asia/Tokyo] エラー発生:SQLSTATE[HY000] [2002] Cannot assign requested address
[24-Oct-2020 21:32:31 Asia/Tokyo] エラー発生:SQLSTATE[HY000] [2002] Cannot assign requested address
[24-Oct-2020 21:32:33 Asia/Tokyo] エラー発生:SQLSTATE[HY000] [2002] Cannot assign requested address
[24-Oct-2020 21:32:36 Asia/Tokyo] エラー発生:SQLSTATE[HY000] [2002] Cannot assign requested address
[24-Oct-2020 21:32:45 Asia/Tokyo] エラー発生:SQLSTATE[HY000] [2002] Cannot assign requested address
[24-Oct-2020 21:34:02 Asia/Tokyo] エラー発生:SQLSTATE[HY000] [2002] Cannot assign requested address
[24-Oct-2020 21:34:03 Asia/Tokyo] エラー発生:SQLSTATE[HY000] [2002] Cannot assign requested address
[24-Oct-2020 21:34:34 Asia/Tokyo] エラー発生:invalid data source name
[24-Oct-2020 21:34:36 Asia/Tokyo] エラー発生:invalid data source name
[24-Oct-2020 21:34:57 Asia/Tokyo] エラー発生:SQLSTATE[HY000] [2002] No such file or directory
[24-Oct-2020 21:34:59 Asia/Tokyo] エラー発生:SQLSTATE[HY000] [2002] No such file or directory
[24-Oct-2020 21:36:35 Asia/Tokyo] エラー発生:SQLSTATE[HY000] [2002] No such file or directory
[24-Oct-2020 21:36:35 Asia/Tokyo] PHP Warning:  Invalid argument supplied for foreach() in /var/www/html/index.php on line 162
[24-Oct-2020 21:36:38 Asia/Tokyo] エラー発生:SQLSTATE[HY000] [2002] No such file or directory
[24-Oct-2020 21:36:55 Asia/Tokyo] エラー発生:SQLSTATE[HY000] [2002] No such file or directory
[24-Oct-2020 21:37:08 Asia/Tokyo] エラー発生:SQLSTATE[HY000] [2002] No such file or directory
[24-Oct-2020 21:38:09 Asia/Tokyo] エラー発生:SQLSTATE[HY000] [2002] No such file or directory
[24-Oct-2020 21:38:31 Asia/Tokyo] ここ
[24-Oct-2020 21:38:31 Asia/Tokyo] エラー発生:SQLSTATE[HY000] [2002] No such file or directory
[24-Oct-2020 21:38:53 Asia/Tokyo] エラー発生:SQLSTATE[HY000] [2002] No such file or directory
[24-Oct-2020 21:39:20 Asia/Tokyo] あああ
[24-Oct-2020 21:39:20 Asia/Tokyo] エラー発生:SQLSTATE[HY000] [2002] No such file or directory
[24-Oct-2020 21:40:03 Asia/Tokyo] あああ
[24-Oct-2020 21:40:03 Asia/Tokyo] ここ2
[24-Oct-2020 21:40:03 Asia/Tokyo] エラー発生:SQLSTATE[HY000] [2002] No such file or directory
[24-Oct-2020 21:40:15 Asia/Tokyo] あああ
[24-Oct-2020 21:40:15 Asia/Tokyo] ここ2
[24-Oct-2020 21:40:15 Asia/Tokyo] エラー発生:SQLSTATE[HY000] [2002] No such file or directory
[24-Oct-2020 21:41:23 Asia/Tokyo] あああ
[24-Oct-2020 21:41:23 Asia/Tokyo] ここ2
[24-Oct-2020 21:41:23 Asia/Tokyo] エラー発生:SQLSTATE[HY000] [2002] No such file or directory
[24-Oct-2020 21:42:21 Asia/Tokyo] あああ
[24-Oct-2020 21:42:21 Asia/Tokyo] ここ2
[24-Oct-2020 21:42:21 Asia/Tokyo] エラー発生:SQLSTATE[HY000] [2002] Connection refused
[24-Oct-2020 21:44:04 Asia/Tokyo] あああ
[24-Oct-2020 21:44:04 Asia/Tokyo] ここ2
[24-Oct-2020 21:44:04 Asia/Tokyo] エラー発生:SQLSTATE[HY000] [2002] Connection refused
